EDA Netlist Writer report for Snaky
Tue Apr 24 22:11:47 2012
Quartus II 32-bit Version 11.1 Build 259 01/25/2012 Service Pack 2 SJ Web Edition


---------------------
; Table of Contents ;
---------------------
  1. Legal Notice
  2. EDA Netlist Writer Summary
  3. EDA Netlist Writer Messages



----------------
; Legal Notice ;
----------------
Copyright (C) 1991-2011 Altera Corporation
Your use of Altera Corporation's design tools, logic functions 
and other software and tools, and its AMPP partner logic 
functions, and any output files from any of the foregoing 
(including device programming or simulation files), and any 
associated documentation or information are expressly subject 
to the terms and conditions of the Altera Program License 
Subscription Agreement, Altera MegaCore Function License 
Agreement, or other applicable license agreement, including, 
without limitation, that your use is for the sole purpose of 
programming logic devices manufactured by Altera and sold by 
Altera or its authorized distributors.  Please refer to the 
applicable agreement for further details.



+----------------------------------------------------------------------------------+
; EDA Netlist Writer Summary                                                       ;
+---------------------------+------------------------------------------------------+
; EDA Netlist Writer Status ; No Output Files Generated - Tue Apr 24 22:11:47 2012 ;
; Revision Name             ; Snaky                                                ;
; Top-level Entity Name     ; vga                                                  ;
; Family                    ; Cyclone II                                           ;
+---------------------------+------------------------------------------------------+


+-----------------------------+
; EDA Netlist Writer Messages ;
+-----------------------------+
Info: *******************************************************************
Info: Running Quartus II 32-bit EDA Netlist Writer
    Info: Version 11.1 Build 259 01/25/2012 Service Pack 2 SJ Web Edition
    Info: Processing started: Tue Apr 24 22:11:47 2012
Info: Command: quartus_eda --read_settings_files=on --write_settings_files=off Snaky -c Snaky
Warning (199027): Can't generate output files. Specify command-line options to generate output files, or update EDA tool settings using GUI or Tcl script.
Info: Quartus II 32-bit EDA Netlist Writer was successful. 0 errors, 1 warning
    Info: Peak virtual memory: 283 megabytes
    Info: Processing ended: Tue Apr 24 22:11:48 2012
    Info: Elapsed time: 00:00:01
    Info: Total CPU time (on all processors): 00:00:01


